\BOOKMARK [1][-]{section.1}{1 \334bersicht}{}% 1
\BOOKMARK [2][-]{subsection.1.1}{1.1 Ausgangslage}{section.1}% 2
\BOOKMARK [2][-]{subsection.1.2}{1.2 Ziel der Arbeit}{section.1}% 3
\BOOKMARK [1][-]{section.2}{2 L\366sungskonzept}{}% 4
\BOOKMARK [2][-]{subsection.2.1}{2.1 Punkt zu Punkt Testinfrastruktur}{section.2}% 5
\BOOKMARK [2][-]{subsection.2.2}{2.2 Test Mesh Netzwerke}{section.2}% 6
\BOOKMARK [3][-]{subsubsection.2.2.1}{2.2.1 Bluetooth Mesh}{subsection.2.2}% 7
\BOOKMARK [3][-]{subsubsection.2.2.2}{2.2.2 Thread}{subsection.2.2}% 8
\BOOKMARK [3][-]{subsubsection.2.2.3}{2.2.3 Zigbee}{subsection.2.2}% 9
\BOOKMARK [2][-]{subsection.2.3}{2.3 Steuer und Auswertesoftware}{section.2}% 10
\BOOKMARK [1][-]{section.3}{3 Projektziele und Lieferobjekte}{}% 11
\BOOKMARK [2][-]{subsection.3.1}{3.1 Punkt zu Punkt Testinfrastruktur}{section.3}% 12
\BOOKMARK [2][-]{subsection.3.2}{3.2 Test Mesh Netzwerke}{section.3}% 13
\BOOKMARK [2][-]{subsection.3.3}{3.3 Steuer- und Auswertesoftware}{section.3}% 14
\BOOKMARK [2][-]{subsection.3.4}{3.4 Zusatzziele}{section.3}% 15
\BOOKMARK [2][-]{subsection.3.5}{3.5 Lieferobjekte}{section.3}% 16
\BOOKMARK [1][-]{section.4}{4 Projektmanagement}{}% 17
\BOOKMARK [2][-]{subsection.4.1}{4.1 Projektaufteilung}{section.4}% 18
\BOOKMARK [2][-]{subsection.4.2}{4.2 Projektplan}{section.4}% 19
\BOOKMARK [2][-]{subsection.4.3}{4.3 Risikoanalyse}{section.4}% 20
\BOOKMARK [2][-]{subsection.4.4}{4.4 Projektvereinbarung}{section.4}% 21
\BOOKMARK [1][-]{appendix.A}{A Aufgabenstellung}{}% 22
\BOOKMARK [1][-]{appendix.B}{B Test Kriterien Point to Point auf MAC Ebene}{}% 23
\BOOKMARK [1][-]{appendix.C}{C Test Kriterien Mesh Netzwerke}{}% 24
\BOOKMARK [1][-]{appendix.D}{D Gesamt Terminplanung}{}% 25
\BOOKMARK [1][-]{appendix.E}{E Bluetooth Mesh Terminplanung}{}% 26
\BOOKMARK [1][-]{appendix.F}{F Thread Terminplanung}{}% 27
\BOOKMARK [1][-]{appendix.G}{G Zigbee Terminplanung}{}% 28
\BOOKMARK [1][-]{appendix.H}{H Risikoanalyse}{}% 29
