\BOOKMARK [1][-]{section.1}{1 Einleitung}{}% 1
\BOOKMARK [1][-]{section.2}{2 \334bersicht}{}% 2
\BOOKMARK [2][-]{subsection.2.1}{2.1 Ausgangslage und Aufgabenstellung}{section.2}% 3
\BOOKMARK [2][-]{subsection.2.2}{2.2 Vorarbeiten P5}{section.2}% 4
\BOOKMARK [2][-]{subsection.2.3}{2.3 Ziel der Arbeit}{section.2}% 5
\BOOKMARK [2][-]{subsection.2.4}{2.4 Abgrenzung}{section.2}% 6
\BOOKMARK [0][-]{part.1}{I Point to Point Testinfrastruktur}{}% 7
\BOOKMARK [1][-]{section.3}{3 Messkonzept}{part.1}% 8
\BOOKMARK [2][-]{subsection.3.1}{3.1 Definition MAC-Layer}{section.3}% 9
\BOOKMARK [2][-]{subsection.3.2}{3.2 Anforderungen}{section.3}% 10
\BOOKMARK [2][-]{subsection.3.3}{3.3 Messgr\366ssen}{section.3}% 11
\BOOKMARK [2][-]{subsection.3.4}{3.4 Konzept}{section.3}% 12
\BOOKMARK [2][-]{subsection.3.5}{3.5 Testszenarien}{section.3}% 13
\BOOKMARK [2][-]{subsection.3.6}{3.6 Messaufbau}{section.3}% 14
\BOOKMARK [1][-]{section.4}{4 Inbetriebnahme und Bedienung}{part.1}% 15
\BOOKMARK [1][-]{section.5}{5 Soft- und Firmware}{part.1}% 16
\BOOKMARK [2][-]{subsection.5.1}{5.1 Soft- und Firmware}{section.5}% 17
\BOOKMARK [2][-]{subsection.5.2}{5.2 Low Level Radio Driver}{section.5}% 18
\BOOKMARK [2][-]{subsection.5.3}{5.3 Broadcasting Collisions Probability}{section.5}% 19
\BOOKMARK [2][-]{subsection.5.4}{5.4 Zeitsynchronisation}{section.5}% 20
\BOOKMARK [2][-]{subsection.5.5}{5.5 Webserver}{section.5}% 21
\BOOKMARK [1][-]{section.6}{6 Schluss}{part.1}% 22
\BOOKMARK [2][-]{subsection.6.1}{6.1 Validierung}{section.6}% 23
\BOOKMARK [2][-]{subsection.6.2}{6.2 Verifizierung}{section.6}% 24
\BOOKMARK [2][-]{subsection.6.3}{6.3 Fazit}{section.6}% 25
\BOOKMARK [0][-]{part.2}{II Mesh Benchmark - Konzept und Umsetzung}{}% 26
\BOOKMARK [1][-]{section.7}{7 Benchmark Konzept}{part.2}% 27
\BOOKMARK [2][-]{subsection.7.1}{7.1 Konzeptschema}{section.7}% 28
\BOOKMARK [2][-]{subsection.7.2}{7.2 Testumgebungen und Messaufbau}{section.7}% 29
\BOOKMARK [2][-]{subsection.7.3}{7.3 Ablauf Messvorgang}{section.7}% 30
\BOOKMARK [2][-]{subsection.7.4}{7.4 Vergleichswerte und Messgr\366ssen}{section.7}% 31
\BOOKMARK [2][-]{subsection.7.5}{7.5 Messreihe}{section.7}% 32
\BOOKMARK [2][-]{subsection.7.6}{7.6 Allgemeine Benchmark Parameter}{section.7}% 33
\BOOKMARK [2][-]{subsection.7.7}{7.7 Traffic Generation}{section.7}% 34
\BOOKMARK [2][-]{subsection.7.8}{7.8 Messdatenerfassung und Auswertung}{section.7}% 35
\BOOKMARK [2][-]{subsection.7.9}{7.9 Messerwartung}{section.7}% 36
\BOOKMARK [1][-]{section.8}{8 Hardware Plattform}{part.2}% 37
\BOOKMARK [2][-]{subsection.8.1}{8.1 System on Chip \(SoC\)}{section.8}% 38
\BOOKMARK [2][-]{subsection.8.2}{8.2 Hardware Development Kits}{section.8}% 39
\BOOKMARK [2][-]{subsection.8.3}{8.3 Aufbau Testnode}{section.8}% 40
\BOOKMARK [2][-]{subsection.8.4}{8.4 Antenne und Strahlungscharakteristik}{section.8}% 41
\BOOKMARK [1][-]{section.9}{9 Soft- und Firmware}{part.2}% 42
\BOOKMARK [2][-]{subsection.9.1}{9.1 Konzept}{section.9}% 43
\BOOKMARK [2][-]{subsection.9.2}{9.2 Umsetzung}{section.9}% 44
\BOOKMARK [2][-]{subsection.9.3}{9.3 Shared Library}{section.9}% 45
\BOOKMARK [2][-]{subsection.9.4}{9.4 Benchmark Management}{section.9}% 46
\BOOKMARK [0][-]{part.3}{III Bluetooth Mesh}{}% 47
\BOOKMARK [1][-]{section.10}{10 Einleitung und Grundlagen}{part.3}% 48
\BOOKMARK [1][-]{section.11}{11 Technische Grundlagen Bluetooth Mesh}{part.3}% 49
\BOOKMARK [2][-]{subsection.11.1}{11.1 Netzaufbau und Topologie}{section.11}% 50
\BOOKMARK [2][-]{subsection.11.2}{11.2 Protokoll Stack}{section.11}% 51
\BOOKMARK [2][-]{subsection.11.3}{11.3 Sicherheit}{section.11}% 52
\BOOKMARK [2][-]{subsection.11.4}{11.4 Bluetooth Mesh Software Development Kit}{section.11}% 53
\BOOKMARK [1][-]{section.12}{12 Umsetzung Benchmark}{part.3}% 54
\BOOKMARK [2][-]{subsection.12.1}{12.1 nRF Connect SDK}{section.12}% 55
\BOOKMARK [2][-]{subsection.12.2}{12.2 Benchmark und Stack Parameter}{section.12}% 56
\BOOKMARK [2][-]{subsection.12.3}{12.3 nRF SDK for Mesh}{section.12}% 57
\BOOKMARK [1][-]{section.13}{13 Analyse Bluetooth Mesh Stack}{part.3}% 58
\BOOKMARK [0][-]{part.4}{IV Thread}{}% 59
\BOOKMARK [1][-]{section.14}{14 Einleitung}{part.4}% 60
\BOOKMARK [1][-]{section.15}{15 Technische Grundlagen Thread}{part.4}% 61
\BOOKMARK [2][-]{subsection.15.1}{15.1 Application Layer}{section.15}% 62
\BOOKMARK [2][-]{subsection.15.2}{15.2 Thread Protokoll Stack}{section.15}% 63
\BOOKMARK [2][-]{subsection.15.3}{15.3 Link und Physical Layer}{section.15}% 64
\BOOKMARK [2][-]{subsection.15.4}{15.4 Netzaufbau und Topologie}{section.15}% 65
\BOOKMARK [2][-]{subsection.15.5}{15.5 Sicherheit}{section.15}% 66
\BOOKMARK [2][-]{subsection.15.6}{15.6 Thread Software Development Kit}{section.15}% 67
\BOOKMARK [1][-]{section.16}{16 Umsetzung Benchmark}{part.4}% 68
\BOOKMARK [2][-]{subsection.16.1}{16.1 Openthread Stack Konfiguration}{section.16}% 69
\BOOKMARK [2][-]{subsection.16.2}{16.2 Openthread Stack Initialisierung}{section.16}% 70
\BOOKMARK [2][-]{subsection.16.3}{16.3 CoAP Benchmark Message}{section.16}% 71
\BOOKMARK [2][-]{subsection.16.4}{16.4 IPv6 Adressierung}{section.16}% 72
\BOOKMARK [1][-]{section.17}{17 Analyse Thread Stack}{part.4}% 73
\BOOKMARK [2][-]{subsection.17.1}{17.1 Vor- und Nachteile Openthread Stack}{section.17}% 74
\BOOKMARK [2][-]{subsection.17.2}{17.2 FreeRTOS Projekt}{section.17}% 75
\BOOKMARK [0][-]{part.5}{V Zigbee}{}% 76
\BOOKMARK [1][-]{section.18}{18 Einleitung}{part.5}% 77
\BOOKMARK [1][-]{section.19}{19 Technische Grundlagen Zigbee}{part.5}% 78
\BOOKMARK [2][-]{subsection.19.1}{19.1 Netzaufbau und Topologie}{section.19}% 79
\BOOKMARK [2][-]{subsection.19.2}{19.2 Zigbee Protokoll Stack}{section.19}% 80
\BOOKMARK [1][-]{section.20}{20 Umsetzung Benchmark}{part.5}% 81
\BOOKMARK [2][-]{subsection.20.1}{20.1 Zigbee Software Development Kit}{section.20}% 82
\BOOKMARK [2][-]{subsection.20.2}{20.2 Stack Implementation}{section.20}% 83
\BOOKMARK [2][-]{subsection.20.3}{20.3 Mesh Node Firmware}{section.20}% 84
\BOOKMARK [1][-]{section.21}{21 Analyse Zigbee Stack}{part.5}% 85
\BOOKMARK [2][-]{subsection.21.1}{21.1 St\344rken und Schw\344chen des Protokollstacks}{section.21}% 86
\BOOKMARK [2][-]{subsection.21.2}{21.2 Schwierigkeiten bei der Umsetzung}{section.21}% 87
\BOOKMARK [0][-]{part.6}{VI Mesh Benchmark - Resultate und Vergleich}{}% 88
\BOOKMARK [1][-]{section.22}{22 Messresultate}{part.6}% 89
\BOOKMARK [2][-]{subsection.22.1}{22.1 Resultate}{section.22}% 90
\BOOKMARK [2][-]{subsection.22.2}{22.2 Validierung}{section.22}% 91
\BOOKMARK [2][-]{subsection.22.3}{22.3 Verifizierung}{section.22}% 92
\BOOKMARK [1][-]{section.23}{23 Vergleich Mesh Netzwerke}{part.6}% 93
\BOOKMARK [2][-]{subsection.23.1}{23.1 Vergleich der Messreihen}{section.23}% 94
\BOOKMARK [2][-]{subsection.23.2}{23.2 Vergleich Testumgebungen}{section.23}% 95
\BOOKMARK [2][-]{subsection.23.3}{23.3 Fazit}{section.23}% 96
\BOOKMARK [1][-]{section.24}{24 Schluss}{part.6}% 97
\BOOKMARK [2][-]{subsection.24.1}{24.1 Zielerreichung}{section.24}% 98
\BOOKMARK [2][-]{subsection.24.2}{24.2 Fazit}{section.24}% 99
\BOOKMARK [2][-]{subsection.24.3}{24.3 Ausblick}{section.24}% 100
\BOOKMARK [2][-]{subsection.24.4}{24.4 Schlusswort}{section.24}% 101
\BOOKMARK [1][-]{section*.95}{Literatur}{part.6}% 102
\BOOKMARK [1][-]{section*.96}{Abbildungsverzeichnis}{part.6}% 103
\BOOKMARK [1][-]{section*.96}{Anhang}{part.6}% 104
\BOOKMARK [1][-]{appendix.A}{A Aufgabenstellung}{part.6}% 105
\BOOKMARK [1][-]{appendix.B}{B Pflichtenheft}{part.6}% 106
\BOOKMARK [1][-]{appendix.C}{C Bericht emv Messung Development Kits}{part.6}% 107
\BOOKMARK [1][-]{appendix.D}{D Messprotokolle Mesh Benchmark}{part.6}% 108
\BOOKMARK [1][-]{appendix.E}{E Paper}{part.6}% 109
\BOOKMARK [1][-]{appendix.F}{F Random Traffic Generation}{part.6}% 110
\BOOKMARK [1][-]{appendix.G}{G Bluetooth Mesh Stack Layers}{part.6}% 111
